[0.008s] Invoking command in '/home/cuong2k2/robot_ws/build/my_package': CMAKE_PREFIX_PATH=/opt/ros/humble /usr/bin/cmake /home/cuong2k2/robot_ws/src/my_package -DAMENT_CMAKE_SYMLINK_INSTALL=1 -DCMAKE_INSTALL_PREFIX=/home/cuong2k2/robot_ws/install/my_package
[0.079s] -- The C compiler identification is GNU 11.4.0
[0.138s] -- The CXX compiler identification is GNU 11.4.0
[0.144s] -- Detecting C compiler ABI info
[0.202s] -- Detecting C compiler ABI info - done
[0.208s] -- Check for working C compiler: /usr/bin/cc - skipped
[0.209s] -- Detecting C compile features
[0.209s] -- Detecting C compile features - done
[0.213s] -- Detecting CXX compiler ABI info
[0.268s] -- Detecting CXX compiler ABI info - done
[0.274s] -- Check for working CXX compiler: /usr/bin/c++ - skipped
[0.274s] -- Detecting CXX compile features
[0.275s] -- Detecting CXX compile features - done
[0.279s] -- Found ament_cmake: 1.3.8 (/opt/ros/humble/share/ament_cmake/cmake)
[0.394s] -- Found Python3: /usr/bin/python3 (found version "3.10.12") found components: Interpreter 
[0.446s] -- Override CMake install command with custom implementation using symlinks instead of copying resources
[0.470s] -- Found ament_lint_auto: 0.12.10 (/opt/ros/humble/share/ament_lint_auto/cmake)
[0.533s] -- Added test 'flake8' to check Python code syntax and style conventions
[0.534s] -- Added test 'lint_cmake' to check CMake code style
[0.534s] -- Added test 'pep257' to check Python code against some of the docstring style conventions in PEP 257
[0.535s] -- Added test 'xmllint' to check XML markup files
[0.536s] -- Configuring done
[0.538s] -- Generating done
[0.539s] -- Build files have been written to: /home/cuong2k2/robot_ws/build/my_package
[0.542s] Invoked command in '/home/cuong2k2/robot_ws/build/my_package' returned '0': CMAKE_PREFIX_PATH=/opt/ros/humble /usr/bin/cmake /home/cuong2k2/robot_ws/src/my_package -DAMENT_CMAKE_SYMLINK_INSTALL=1 -DCMAKE_INSTALL_PREFIX=/home/cuong2k2/robot_ws/install/my_package
[0.543s] Invoking command in '/home/cuong2k2/robot_ws/build/my_package': CMAKE_PREFIX_PATH=/opt/ros/humble /usr/bin/cmake --build /home/cuong2k2/robot_ws/build/my_package -- -j16 -l16
[0.568s] Invoked command in '/home/cuong2k2/robot_ws/build/my_package' returned '0': CMAKE_PREFIX_PATH=/opt/ros/humble /usr/bin/cmake --build /home/cuong2k2/robot_ws/build/my_package -- -j16 -l16
[0.587s] Invoking command in '/home/cuong2k2/robot_ws/build/my_package': CMAKE_PREFIX_PATH=/opt/ros/humble /usr/bin/cmake --install /home/cuong2k2/robot_ws/build/my_package
[0.592s] -- Install configuration: ""
[0.592s] -- Execute custom install script
[0.592s] -- Symlinking: /home/cuong2k2/robot_ws/install/my_package/share/my_package/launch/listener.launch.py
[0.598s] -- Symlinking: /home/cuong2k2/robot_ws/install/my_package/share/my_package/launch/talker.launch.py
[0.604s] -- Symlinking: /home/cuong2k2/robot_ws/install/my_package/share/ament_index/resource_index/package_run_dependencies/my_package
[0.610s] -- Symlinking: /home/cuong2k2/robot_ws/install/my_package/share/ament_index/resource_index/parent_prefix_path/my_package
[0.616s] -- Symlinking: /home/cuong2k2/robot_ws/install/my_package/share/my_package/environment/ament_prefix_path.sh
[0.621s] -- Symlinking: /home/cuong2k2/robot_ws/install/my_package/share/my_package/environment/ament_prefix_path.dsv
[0.627s] -- Symlinking: /home/cuong2k2/robot_ws/install/my_package/share/my_package/environment/path.sh
[0.632s] -- Symlinking: /home/cuong2k2/robot_ws/install/my_package/share/my_package/environment/path.dsv
[0.638s] -- Symlinking: /home/cuong2k2/robot_ws/install/my_package/share/my_package/local_setup.bash
[0.643s] -- Symlinking: /home/cuong2k2/robot_ws/install/my_package/share/my_package/local_setup.sh
[0.649s] -- Symlinking: /home/cuong2k2/robot_ws/install/my_package/share/my_package/local_setup.zsh
[0.654s] -- Symlinking: /home/cuong2k2/robot_ws/install/my_package/share/my_package/local_setup.dsv
[0.659s] -- Symlinking: /home/cuong2k2/robot_ws/install/my_package/share/my_package/package.dsv
[0.665s] -- Symlinking: /home/cuong2k2/robot_ws/install/my_package/share/ament_index/resource_index/packages/my_package
[0.670s] -- Symlinking: /home/cuong2k2/robot_ws/install/my_package/share/my_package/cmake/my_packageConfig.cmake
[0.675s] -- Symlinking: /home/cuong2k2/robot_ws/install/my_package/share/my_package/cmake/my_packageConfig-version.cmake
[0.680s] -- Symlinking: /home/cuong2k2/robot_ws/install/my_package/share/my_package/package.xml
[0.689s] Invoked command in '/home/cuong2k2/robot_ws/build/my_package' returned '0': CMAKE_PREFIX_PATH=/opt/ros/humble /usr/bin/cmake --install /home/cuong2k2/robot_ws/build/my_package
