[0.009s] Invoking command in '/home/cuong2k2/robot_ws/build/my_package': CMAKE_PREFIX_PATH=${CMAKE_PREFIX_PATH}:/opt/ros/humble /usr/bin/cmake /home/cuong2k2/robot_ws/src/my_package -DCMAKE_INSTALL_PREFIX=/home/cuong2k2/robot_ws/install/my_package
[0.031s] -- Found ament_cmake: 1.3.8 (/opt/ros/humble/share/ament_cmake/cmake)
[0.122s] -- Override CMake install command with custom implementation using symlinks instead of copying resources
[0.136s] -- Found ament_lint_auto: 0.12.10 (/opt/ros/humble/share/ament_lint_auto/cmake)
[0.192s] -- Added test 'flake8' to check Python code syntax and style conventions
[0.192s] -- Added test 'lint_cmake' to check CMake code style
[0.193s] -- Added test 'pep257' to check Python code against some of the docstring style conventions in PEP 257
[0.193s] -- Added test 'xmllint' to check XML markup files
[0.195s] -- Configuring done
[0.198s] -- Generating done
[0.199s] -- Build files have been written to: /home/cuong2k2/robot_ws/build/my_package
[0.201s] Invoked command in '/home/cuong2k2/robot_ws/build/my_package' returned '0': CMAKE_PREFIX_PATH=${CMAKE_PREFIX_PATH}:/opt/ros/humble /usr/bin/cmake /home/cuong2k2/robot_ws/src/my_package -DCMAKE_INSTALL_PREFIX=/home/cuong2k2/robot_ws/install/my_package
[0.202s] Invoking command in '/home/cuong2k2/robot_ws/build/my_package': CMAKE_PREFIX_PATH=${CMAKE_PREFIX_PATH}:/opt/ros/humble /usr/bin/cmake --build /home/cuong2k2/robot_ws/build/my_package -- -j16 -l16
[0.228s] Invoked command in '/home/cuong2k2/robot_ws/build/my_package' returned '0': CMAKE_PREFIX_PATH=${CMAKE_PREFIX_PATH}:/opt/ros/humble /usr/bin/cmake --build /home/cuong2k2/robot_ws/build/my_package -- -j16 -l16
[0.246s] Invoking command in '/home/cuong2k2/robot_ws/build/my_package': CMAKE_PREFIX_PATH=${CMAKE_PREFIX_PATH}:/opt/ros/humble /usr/bin/cmake --install /home/cuong2k2/robot_ws/build/my_package
[0.250s] -- Install configuration: ""
[0.251s] -- Execute custom install script
[0.251s] -- Up-to-date symlink: /home/cuong2k2/robot_ws/install/my_package/share/my_package/launch/listener.launch.py
[0.251s] -- Symlinking: /home/cuong2k2/robot_ws/install/my_package/share/my_package/launch/robot_state_publisher.launch.py
[0.257s] -- Up-to-date symlink: /home/cuong2k2/robot_ws/install/my_package/share/my_package/launch/talker.launch.py
[0.257s] -- Up-to-date symlink: /home/cuong2k2/robot_ws/install/my_package/share/ament_index/resource_index/package_run_dependencies/my_package
[0.257s] -- Up-to-date symlink: /home/cuong2k2/robot_ws/install/my_package/share/ament_index/resource_index/parent_prefix_path/my_package
[0.257s] -- Up-to-date symlink: /home/cuong2k2/robot_ws/install/my_package/share/my_package/environment/ament_prefix_path.sh
[0.257s] -- Up-to-date symlink: /home/cuong2k2/robot_ws/install/my_package/share/my_package/environment/ament_prefix_path.dsv
[0.258s] -- Up-to-date symlink: /home/cuong2k2/robot_ws/install/my_package/share/my_package/environment/path.sh
[0.258s] -- Up-to-date symlink: /home/cuong2k2/robot_ws/install/my_package/share/my_package/environment/path.dsv
[0.258s] -- Up-to-date symlink: /home/cuong2k2/robot_ws/install/my_package/share/my_package/local_setup.bash
[0.258s] -- Up-to-date symlink: /home/cuong2k2/robot_ws/install/my_package/share/my_package/local_setup.sh
[0.258s] -- Up-to-date symlink: /home/cuong2k2/robot_ws/install/my_package/share/my_package/local_setup.zsh
[0.259s] -- Up-to-date symlink: /home/cuong2k2/robot_ws/install/my_package/share/my_package/local_setup.dsv
[0.259s] -- Symlinking: /home/cuong2k2/robot_ws/install/my_package/share/my_package/package.dsv
[0.264s] -- Up-to-date symlink: /home/cuong2k2/robot_ws/install/my_package/share/ament_index/resource_index/packages/my_package
[0.264s] -- Up-to-date symlink: /home/cuong2k2/robot_ws/install/my_package/share/my_package/cmake/my_packageConfig.cmake
[0.265s] -- Up-to-date symlink: /home/cuong2k2/robot_ws/install/my_package/share/my_package/cmake/my_packageConfig-version.cmake
[0.265s] -- Up-to-date symlink: /home/cuong2k2/robot_ws/install/my_package/share/my_package/package.xml
[0.266s] Invoked command in '/home/cuong2k2/robot_ws/build/my_package' returned '0': CMAKE_PREFIX_PATH=${CMAKE_PREFIX_PATH}:/opt/ros/humble /usr/bin/cmake --install /home/cuong2k2/robot_ws/build/my_package
